<?xml version="1.0" encoding="UTF-8"?>
<testsuite xmlns:xsi="http://www.w3.org/2001/XMLSchema-instance" xsi:noNamespaceSchemaLocation="https://maven.apache.org/surefire/maven-surefire-plugin/xsd/surefire-test-report.xsd" name="com.library.LibraryTest" time="0.454" tests="4" errors="0" skipped="0" failures="0">
  <properties>
[...]
</properties>
  <testcase name="testAddBook" classname="com.library.LibraryTest" time="0.316"/>
  <testcase name="testBorrowBookNotAvailable" classname="com.library.LibraryTest" time="0.047"/>
  <testcase name="testReturnBook" classname="com.library.LibraryTest" time="0.01"/>
  <testcase name="testBorrowBook" classname="com.library.LibraryTest" time="0.015"/>
</testsuite>